Started GET "/" for 127.0.0.1 at 2021-02-07 13:47:13 +0000
  
ActiveRecord::ConnectionNotEstablished (could not connect to server: Connection refused (0x0000274D/10061)
	Is the server running on host "localhost" (::1) and accepting
	TCP/IP connections on port 5432?
could not connect to server: Connection refused (0x0000274D/10061)
	Is the server running on host "localhost" (127.0.0.1) and accepting
	TCP/IP connections on port 5432?
):
  
activerecord (6.1.0) lib/active_record/connection_adapters/postgresql_adapter.rb:83:in `rescue in new_client'
activerecord (6.1.0) lib/active_record/connection_adapters/postgresql_adapter.rb:77:in `new_client'
activerecord (6.1.0) lib/active_record/connection_adapters/postgresql_adapter.rb:37:in `postgresql_connection'
activerecord (6.1.0) lib/active_record/connection_adapters/abstract/connection_pool.rb:882:in `public_send'
activerecord (6.1.0) lib/active_record/connection_adapters/abstract/connection_pool.rb:882:in `new_connection'
activerecord (6.1.0) lib/active_record/connection_adapters/abstract/connection_pool.rb:926:in `checkout_new_connection'
activerecord (6.1.0) lib/active_record/connection_adapters/abstract/connection_pool.rb:905:in `try_to_checkout_new_connection'
activerecord (6.1.0) lib/active_record/connection_adapters/abstract/connection_pool.rb:866:in `acquire_connection'
activerecord (6.1.0) lib/active_record/connection_adapters/abstract/connection_pool.rb:588:in `checkout'
activerecord (6.1.0) lib/active_record/connection_adapters/abstract/connection_pool.rb:428:in `connection'
activerecord (6.1.0) lib/active_record/connection_adapters/abstract/connection_pool.rb:1128:in `retrieve_connection'
activerecord (6.1.0) lib/active_record/connection_handling.rb:319:in `retrieve_connection'
activerecord (6.1.0) lib/active_record/connection_handling.rb:275:in `connection'
activerecord (6.1.0) lib/active_record/migration.rb:611:in `connection'
activerecord (6.1.0) lib/active_record/migration.rb:606:in `build_watcher'
activerecord (6.1.0) lib/active_record/migration.rb:588:in `block in call'
activerecord (6.1.0) lib/active_record/migration.rb:587:in `synchronize'
activerecord (6.1.0) lib/active_record/migration.rb:587:in `call'
actionpack (6.1.0) lib/action_dispatch/middleware/callbacks.rb:27:in `block in call'
activesupport (6.1.0) lib/active_support/callbacks.rb:98:in `run_callbacks'
actionpack (6.1.0) lib/action_dispatch/middleware/callbacks.rb:26:in `call'
actionpack (6.1.0) lib/action_dispatch/middleware/executor.rb:14:in `call'
actionpack (6.1.0) lib/action_dispatch/middleware/actionable_exceptions.rb:18:in `call'
actionpack (6.1.0) lib/action_dispatch/middleware/debug_exceptions.rb:29:in `call'
web-console (4.1.0) lib/web_console/middleware.rb:132:in `call_app'
web-console (4.1.0) lib/web_console/middleware.rb:28:in `block in call'
web-console (4.1.0) lib/web_console/middleware.rb:17:in `catch'
web-console (4.1.0) lib/web_console/middleware.rb:17:in `call'
actionpack (6.1.0) lib/action_dispatch/middleware/show_exceptions.rb:33:in `call'
railties (6.1.0) lib/rails/rack/logger.rb:37:in `call_app'
railties (6.1.0) lib/rails/rack/logger.rb:26:in `block in call'
activesupport (6.1.0) lib/active_support/tagged_logging.rb:99:in `block in tagged'
activesupport (6.1.0) lib/active_support/tagged_logging.rb:37:in `tagged'
activesupport (6.1.0) lib/active_support/tagged_logging.rb:99:in `tagged'
railties (6.1.0) lib/rails/rack/logger.rb:26:in `call'
sprockets-rails (3.2.2) lib/sprockets/rails/quiet_assets.rb:13:in `call'
actionpack (6.1.0) lib/action_dispatch/middleware/remote_ip.rb:81:in `call'
actionpack (6.1.0) lib/action_dispatch/middleware/request_id.rb:26:in `call'
rack (2.2.3) lib/rack/method_override.rb:24:in `call'
rack (2.2.3) lib/rack/runtime.rb:22:in `call'
activesupport (6.1.0) lib/active_support/cache/strategy/local_cache_middleware.rb:29:in `call'
actionpack (6.1.0) lib/action_dispatch/middleware/executor.rb:14:in `call'
actionpack (6.1.0) lib/action_dispatch/middleware/static.rb:24:in `call'
rack (2.2.3) lib/rack/sendfile.rb:110:in `call'
actionpack (6.1.0) lib/action_dispatch/middleware/host_authorization.rb:98:in `call'
rack-mini-profiler (2.3.0) lib/mini_profiler/profiler.rb:373:in `call'
rack-cors (1.1.1) lib/rack/cors.rb:100:in `call'
webpacker (5.2.1) lib/webpacker/dev_server_proxy.rb:25:in `perform_request'
rack-proxy (0.6.5) lib/rack/proxy.rb:57:in `call'
railties (6.1.0) lib/rails/engine.rb:539:in `call'
puma (5.1.1) lib/puma/configuration.rb:246:in `call'
puma (5.1.1) lib/puma/request.rb:76:in `block in handle_request'
puma (5.1.1) lib/puma/thread_pool.rb:337:in `with_force_shutdown'
puma (5.1.1) lib/puma/request.rb:75:in `handle_request'
puma (5.1.1) lib/puma/server.rb:431:in `process_client'
puma (5.1.1) lib/puma/thread_pool.rb:145:in `block in spawn_thread'
Started GET "/" for 127.0.0.1 at 2021-02-08 13:40:49 +0000
  
ActiveRecord::ConnectionNotEstablished (could not connect to server: Connection refused (0x0000274D/10061)
	Is the server running on host "localhost" (::1) and accepting
	TCP/IP connections on port 5432?
could not connect to server: Connection refused (0x0000274D/10061)
	Is the server running on host "localhost" (127.0.0.1) and accepting
	TCP/IP connections on port 5432?
):
  
activerecord (6.1.0) lib/active_record/connection_adapters/postgresql_adapter.rb:83:in `rescue in new_client'
activerecord (6.1.0) lib/active_record/connection_adapters/postgresql_adapter.rb:77:in `new_client'
activerecord (6.1.0) lib/active_record/connection_adapters/postgresql_adapter.rb:37:in `postgresql_connection'
activerecord (6.1.0) lib/active_record/connection_adapters/abstract/connection_pool.rb:882:in `public_send'
activerecord (6.1.0) lib/active_record/connection_adapters/abstract/connection_pool.rb:882:in `new_connection'
activerecord (6.1.0) lib/active_record/connection_adapters/abstract/connection_pool.rb:926:in `checkout_new_connection'
activerecord (6.1.0) lib/active_record/connection_adapters/abstract/connection_pool.rb:905:in `try_to_checkout_new_connection'
activerecord (6.1.0) lib/active_record/connection_adapters/abstract/connection_pool.rb:866:in `acquire_connection'
activerecord (6.1.0) lib/active_record/connection_adapters/abstract/connection_pool.rb:588:in `checkout'
activerecord (6.1.0) lib/active_record/connection_adapters/abstract/connection_pool.rb:428:in `connection'
activerecord (6.1.0) lib/active_record/connection_adapters/abstract/connection_pool.rb:1128:in `retrieve_connection'
activerecord (6.1.0) lib/active_record/connection_handling.rb:319:in `retrieve_connection'
activerecord (6.1.0) lib/active_record/connection_handling.rb:275:in `connection'
activerecord (6.1.0) lib/active_record/migration.rb:611:in `connection'
activerecord (6.1.0) lib/active_record/migration.rb:606:in `build_watcher'
activerecord (6.1.0) lib/active_record/migration.rb:588:in `block in call'
activerecord (6.1.0) lib/active_record/migration.rb:587:in `synchronize'
activerecord (6.1.0) lib/active_record/migration.rb:587:in `call'
actionpack (6.1.0) lib/action_dispatch/middleware/callbacks.rb:27:in `block in call'
activesupport (6.1.0) lib/active_support/callbacks.rb:98:in `run_callbacks'
actionpack (6.1.0) lib/action_dispatch/middleware/callbacks.rb:26:in `call'
actionpack (6.1.0) lib/action_dispatch/middleware/executor.rb:14:in `call'
actionpack (6.1.0) lib/action_dispatch/middleware/actionable_exceptions.rb:18:in `call'
actionpack (6.1.0) lib/action_dispatch/middleware/debug_exceptions.rb:29:in `call'
web-console (4.1.0) lib/web_console/middleware.rb:132:in `call_app'
web-console (4.1.0) lib/web_console/middleware.rb:28:in `block in call'
web-console (4.1.0) lib/web_console/middleware.rb:17:in `catch'
web-console (4.1.0) lib/web_console/middleware.rb:17:in `call'
actionpack (6.1.0) lib/action_dispatch/middleware/show_exceptions.rb:33:in `call'
railties (6.1.0) lib/rails/rack/logger.rb:37:in `call_app'
railties (6.1.0) lib/rails/rack/logger.rb:26:in `block in call'
activesupport (6.1.0) lib/active_support/tagged_logging.rb:99:in `block in tagged'
activesupport (6.1.0) lib/active_support/tagged_logging.rb:37:in `tagged'
activesupport (6.1.0) lib/active_support/tagged_logging.rb:99:in `tagged'
railties (6.1.0) lib/rails/rack/logger.rb:26:in `call'
sprockets-rails (3.2.2) lib/sprockets/rails/quiet_assets.rb:13:in `call'
actionpack (6.1.0) lib/action_dispatch/middleware/remote_ip.rb:81:in `call'
actionpack (6.1.0) lib/action_dispatch/middleware/request_id.rb:26:in `call'
rack (2.2.3) lib/rack/method_override.rb:24:in `call'
rack (2.2.3) lib/rack/runtime.rb:22:in `call'
activesupport (6.1.0) lib/active_support/cache/strategy/local_cache_middleware.rb:29:in `call'
actionpack (6.1.0) lib/action_dispatch/middleware/executor.rb:14:in `call'
actionpack (6.1.0) lib/action_dispatch/middleware/static.rb:24:in `call'
rack (2.2.3) lib/rack/sendfile.rb:110:in `call'
actionpack (6.1.0) lib/action_dispatch/middleware/host_authorization.rb:98:in `call'
rack-mini-profiler (2.3.0) lib/mini_profiler/profiler.rb:373:in `call'
rack-cors (1.1.1) lib/rack/cors.rb:100:in `call'
webpacker (5.2.1) lib/webpacker/dev_server_proxy.rb:25:in `perform_request'
rack-proxy (0.6.5) lib/rack/proxy.rb:57:in `call'
railties (6.1.0) lib/rails/engine.rb:539:in `call'
puma (5.1.1) lib/puma/configuration.rb:246:in `call'
puma (5.1.1) lib/puma/request.rb:76:in `block in handle_request'
puma (5.1.1) lib/puma/thread_pool.rb:337:in `with_force_shutdown'
puma (5.1.1) lib/puma/request.rb:75:in `handle_request'
puma (5.1.1) lib/puma/server.rb:431:in `process_client'
puma (5.1.1) lib/puma/thread_pool.rb:145:in `block in spawn_thread'
